<?xml version="1.0" encoding="UTF-8" ?>
<testsuite failures="0" time="2.287" errors="0" skipped="0" tests="1" name="org.aio.modules.index.HistoryTest">
  <properties>
    <property name="java.runtime.name" value="Java(TM) SE Runtime Environment"/>
    <property name="sun.boot.library.path" value="D:\Program Files\Eclipse\MyJ2EE\JDK\jdk1.6.0_16\jre\bin"/>
    <property name="java.vm.version" value="14.2-b01"/>
    <property name="java.vm.vendor" value="Sun Microsystems Inc."/>
    <property name="java.vendor.url" value="http://java.sun.com/"/>
    <property name="path.separator" value=";"/>
    <property name="guice.disable.misplaced.annotation.check" value="true"/>
    <property name="java.vm.name" value="Java HotSpot(TM) Client VM"/>
    <property name="file.encoding.pkg" value="sun.io"/>
    <property name="user.country" value="CN"/>
    <property name="sun.java.launcher" value="SUN_STANDARD"/>
    <property name="sun.os.patch.level" value=""/>
    <property name="java.vm.specification.name" value="Java Virtual Machine Specification"/>
    <property name="user.dir" value="D:\WorkSpaces\MyJ2EE\aio"/>
    <property name="java.runtime.version" value="1.6.0_16-b01"/>
    <property name="java.awt.graphicsenv" value="sun.awt.Win32GraphicsEnvironment"/>
    <property name="java.endorsed.dirs" value="D:\Program Files\Eclipse\MyJ2EE\JDK\jdk1.6.0_16\jre\lib\endorsed"/>
    <property name="os.arch" value="x86"/>
    <property name="java.io.tmpdir" value="C:\Users\ByTheWay\AppData\Local\Temp\"/>
    <property name="line.separator" value="
"/>
    <property name="java.vm.specification.vendor" value="Sun Microsystems Inc."/>
    <property name="user.variant" value=""/>
    <property name="os.name" value="Windows 7"/>
    <property name="classworlds.conf" value="D:\WorkSpaces\MyJ2EE\.metadata\.plugins\org.maven.ide.eclipse\launches\m2conf2396672474570621335.tmp"/>
    <property name="sun.jnu.encoding" value="GBK"/>
    <property name="java.library.path" value="D:\Program Files\Eclipse\MyJ2EE\JDK\jdk1.6.0_16\bin;.;C:\Windows\Sun\Java\bin;C:\Windows\system32;C:\Windows;D:\Program Files\OSSBuild\GStreamer\v0.10.7\bin;d:\Program Files\ImageMagick-6.7.6-Q16;C:\XEClient\bin;C:\oraclexe\app\oracle\product\10.2.0\server\bin;C:\Windows\system32;C:\Windows;C:\Windows\System32\Wbem;C:\Windows\System32\WindowsPowerShell\v1.0\;d:\Program Files\Windows7Master;D:\Program Files\Windows7Master;C:\Program Files\Common Files\Thunder Network\KanKan\Codecs;;D:\Program Files\Java\jdk1.6.0_16\bin;D:\Program Files\MySQL\MySQL Server 5.1\bin;D:\Program Files\UltraCompare\;d:\Program Files\SSH Secure Shell"/>
    <property name="java.specification.name" value="Java Platform API Specification"/>
    <property name="java.class.version" value="50.0"/>
    <property name="sun.management.compiler" value="HotSpot Client Compiler"/>
    <property name="os.version" value="6.1"/>
    <property name="user.home" value="C:\Users\ByTheWay"/>
    <property name="user.timezone" value="Asia/Shanghai"/>
    <property name="java.awt.printerjob" value="sun.awt.windows.WPrinterJob"/>
    <property name="file.encoding" value="UTF-8"/>
    <property name="java.specification.version" value="1.6"/>
    <property name="user.name" value="ByTheWay"/>
    <property name="java.class.path" value="E:\maven\apache-maven-3.0.3\boot\plexus-classworlds-2.4.jar"/>
    <property name="java.vm.specification.version" value="1.0"/>
    <property name="sun.arch.data.model" value="32"/>
    <property name="java.home" value="D:\Program Files\Eclipse\MyJ2EE\JDK\jdk1.6.0_16\jre"/>
    <property name="java.specification.vendor" value="Sun Microsystems Inc."/>
    <property name="user.language" value="zh"/>
    <property name="awt.toolkit" value="sun.awt.windows.WToolkit"/>
    <property name="java.vm.info" value="mixed mode"/>
    <property name="java.version" value="1.6.0_16"/>
    <property name="java.ext.dirs" value="D:\Program Files\Eclipse\MyJ2EE\JDK\jdk1.6.0_16\jre\lib\ext;C:\Windows\Sun\Java\lib\ext"/>
    <property name="sun.boot.class.path" value="D:\Program Files\Eclipse\MyJ2EE\JDK\jdk1.6.0_16\jre\lib\resources.jar;D:\Program Files\Eclipse\MyJ2EE\JDK\jdk1.6.0_16\jre\lib\rt.jar;D:\Program Files\Eclipse\MyJ2EE\JDK\jdk1.6.0_16\jre\lib\sunrsasign.jar;D:\Program Files\Eclipse\MyJ2EE\JDK\jdk1.6.0_16\jre\lib\jsse.jar;D:\Program Files\Eclipse\MyJ2EE\JDK\jdk1.6.0_16\jre\lib\jce.jar;D:\Program Files\Eclipse\MyJ2EE\JDK\jdk1.6.0_16\jre\lib\charsets.jar;D:\Program Files\Eclipse\MyJ2EE\JDK\jdk1.6.0_16\jre\classes"/>
    <property name="java.vendor" value="Sun Microsystems Inc."/>
    <property name="maven.home" value="E:\maven\apache-maven-3.0.3"/>
    <property name="file.separator" value="\"/>
    <property name="java.vendor.url.bug" value="http://java.sun.com/cgi-bin/bugreport.cgi"/>
    <property name="sun.cpu.endian" value="little"/>
    <property name="sun.io.unicode.encoding" value="UnicodeLittle"/>
    <property name="sun.desktop" value="windows"/>
    <property name="sun.cpu.isalist" value=""/>
  </properties>
  <testcase time="2.083" classname="org.aio.modules.index.HistoryTest" name="test"/>
</testsuite>